{"C:\\Users\\Gc\\Desktop\\lemare-fc\\lemare-fc-backend\\src\\router.ts": {"path":"C:\\Users\\Gc\\Desktop\\lemare-fc\\lemare-fc-backend\\src\\router.ts","statementMap":{"0":{"start":{"line":1,"column":0},"end":{"line":1,"column":33}},"1":{"start":{"line":2,"column":0},"end":{"line":2,"column":133}},"2":{"start":{"line":3,"column":0},"end":{"line":3,"column":86}},"3":{"start":{"line":4,"column":0},"end":{"line":4,"column":66}},"4":{"start":{"line":5,"column":0},"end":{"line":5,"column":42}},"5":{"start":{"line":6,"column":0},"end":{"line":6,"column":77}},"6":{"start":{"line":7,"column":0},"end":{"line":7,"column":34}},"7":{"start":{"line":9,"column":15},"end":{"line":9,"column":23}},"8":{"start":{"line":11,"column":0},"end":{"line":11,"column":37}},"9":{"start":{"line":13,"column":0},"end":{"line":17,"column":2}},"10":{"start":{"line":19,"column":0},"end":{"line":23,"column":2}},"11":{"start":{"line":25,"column":0},"end":{"line":30,"column":2}},"12":{"start":{"line":32,"column":0},"end":{"line":36,"column":2}},"13":{"start":{"line":38,"column":0},"end":{"line":42,"column":2}},"14":{"start":{"line":44,"column":0},"end":{"line":44,"column":31}},"15":{"start":{"line":46,"column":0},"end":{"line":50,"column":2}},"16":{"start":{"line":52,"column":0},"end":{"line":57,"column":2}},"17":{"start":{"line":59,"column":0},"end":{"line":59,"column":22}}},"fnMap":{},"branchMap":{},"s":{"0":2,"1":2,"2":2,"3":2,"4":2,"5":2,"6":2,"7":2,"8":2,"9":2,"10":2,"11":2,"12":2,"13":2,"14":2,"15":2,"16":2,"17":2},"f":{},"b":{}}
,"C:\\Users\\Gc\\Desktop\\lemare-fc\\lemare-fc-backend\\src\\server.ts": {"path":"C:\\Users\\Gc\\Desktop\\lemare-fc\\lemare-fc-backend\\src\\server.ts","statementMap":{"0":{"start":{"line":1,"column":0},"end":{"line":1,"column":30}},"1":{"start":{"line":2,"column":0},"end":{"line":2,"column":29}},"2":{"start":{"line":3,"column":0},"end":{"line":3,"column":30}},"3":{"start":{"line":6,"column":4},"end":{"line":12,"column":5}},"4":{"start":{"line":7,"column":8},"end":{"line":7,"column":32}},"5":{"start":{"line":8,"column":8},"end":{"line":8,"column":null}},"6":{"start":{"line":9,"column":28},"end":{"line":9,"column":110}},"7":{"start":{"line":11,"column":28},"end":{"line":11,"column":124}},"8":{"start":{"line":15,"column":0},"end":{"line":15,"column":null}},"9":{"start":{"line":17,"column":15},"end":{"line":17,"column":24}},"10":{"start":{"line":19,"column":0},"end":{"line":19,"column":27}},"11":{"start":{"line":21,"column":0},"end":{"line":21,"column":null}},"12":{"start":{"line":23,"column":0},"end":{"line":23,"column":22}},"13":{"start":{"line":30,"column":85},"end":{"line":30,"column":40206}},"14":{"start":{"line":30,"column":89},"end":{"line":30,"column":40195}},"15":{"start":{"line":30,"column":40321},"end":{"line":30,"column":40327}},"16":{"start":{"line":30,"column":40442},"end":{"line":30,"column":40448}},"17":{"start":{"line":30,"column":40563},"end":{"line":30,"column":40569}},"18":{"start":{"line":30,"column":40688},"end":{"line":30,"column":40694}},"19":{"start":{"line":30,"column":40838},"end":{"line":30,"column":40844}}},"fnMap":{"0":{"name":"connectDB","decl":{"start":{"line":5,"column":15},"end":{"line":5,"column":24}},"loc":{"start":{"line":5,"column":24},"end":{"line":13,"column":1}}},"1":{"name":"oo_cm","decl":{"start":{"line":30,"column":77},"end":{"line":30,"column":82}},"loc":{"start":{"line":30,"column":82},"end":{"line":30,"column":40207}}}},"branchMap":{"0":{"loc":{"start":{"line":30,"column":96},"end":{"line":30,"column":40194}},"type":"binary-expr","locations":[{"start":{"line":30,"column":96},"end":{"line":30,"column":133}},{"start":{"line":30,"column":137},"end":{"line":30,"column":40194}}]}},"s":{"0":2,"1":2,"2":2,"3":2,"4":2,"5":2,"6":2,"7":0,"8":2,"9":2,"10":2,"11":2,"12":2,"13":2,"14":2,"15":2,"16":2,"17":2,"18":2,"19":2},"f":{"0":2,"1":2},"b":{"0":[2,1]}}
,"C:\\Users\\Gc\\Desktop\\lemare-fc\\lemare-fc-backend\\src\\config\\db.ts": {"path":"C:\\Users\\Gc\\Desktop\\lemare-fc\\lemare-fc-backend\\src\\config\\db.ts","statementMap":{"0":{"start":{"line":1,"column":0},"end":{"line":1,"column":49}},"1":{"start":{"line":2,"column":0},"end":{"line":2,"column":28}},"2":{"start":{"line":3,"column":0},"end":{"line":3,"column":44}},"3":{"start":{"line":4,"column":0},"end":{"line":4,"column":54}},"4":{"start":{"line":5,"column":0},"end":{"line":5,"column":42}},"5":{"start":{"line":7,"column":0},"end":{"line":7,"column":16}},"6":{"start":{"line":9,"column":11},"end":{"line":12,"column":2}},"7":{"start":{"line":14,"column":0},"end":{"line":14,"column":43}},"8":{"start":{"line":16,"column":0},"end":{"line":18,"column":140}},"9":{"start":{"line":17,"column":36},"end":{"line":17,"column":133}},"10":{"start":{"line":18,"column":42},"end":{"line":18,"column":138}},"11":{"start":{"line":20,"column":0},"end":{"line":20,"column":18}},"12":{"start":{"line":27,"column":85},"end":{"line":27,"column":40206}},"13":{"start":{"line":27,"column":89},"end":{"line":27,"column":40195}},"14":{"start":{"line":27,"column":40321},"end":{"line":27,"column":40327}},"15":{"start":{"line":27,"column":40442},"end":{"line":27,"column":40448}},"16":{"start":{"line":27,"column":40563},"end":{"line":27,"column":40569}},"17":{"start":{"line":27,"column":40688},"end":{"line":27,"column":40694}},"18":{"start":{"line":27,"column":40838},"end":{"line":27,"column":40844}}},"fnMap":{"0":{"name":"(anonymous_1)","decl":{"start":{"line":17,"column":10},"end":{"line":17,"column":13}},"loc":{"start":{"line":17,"column":36},"end":{"line":17,"column":133}}},"1":{"name":"(anonymous_2)","decl":{"start":{"line":18,"column":11},"end":{"line":18,"column":12}},"loc":{"start":{"line":18,"column":42},"end":{"line":18,"column":138}}},"2":{"name":"oo_cm","decl":{"start":{"line":27,"column":77},"end":{"line":27,"column":82}},"loc":{"start":{"line":27,"column":82},"end":{"line":27,"column":40207}}}},"branchMap":{"0":{"loc":{"start":{"line":27,"column":96},"end":{"line":27,"column":40194}},"type":"binary-expr","locations":[{"start":{"line":27,"column":96},"end":{"line":27,"column":133}},{"start":{"line":27,"column":137},"end":{"line":27,"column":40194}}]}},"s":{"0":1,"1":1,"2":1,"3":1,"4":1,"5":1,"6":1,"7":1,"8":1,"9":1,"10":0,"11":1,"12":1,"13":1,"14":1,"15":1,"16":1,"17":1,"18":1},"f":{"0":1,"1":0,"2":1},"b":{"0":[1,1]}}
,"C:\\Users\\Gc\\Desktop\\lemare-fc\\lemare-fc-backend\\src\\handlers\\player.ts": {"path":"C:\\Users\\Gc\\Desktop\\lemare-fc\\lemare-fc-backend\\src\\handlers\\player.ts","statementMap":{"0":{"start":{"line":2,"column":0},"end":{"line":2,"column":44}},"1":{"start":{"line":3,"column":0},"end":{"line":3,"column":42}},"2":{"start":{"line":4,"column":0},"end":{"line":4,"column":54}},"3":{"start":{"line":5,"column":0},"end":{"line":5,"column":30}},"4":{"start":{"line":6,"column":0},"end":{"line":6,"column":86}},"5":{"start":{"line":8,"column":26},"end":{"line":16,"column":1}},"6":{"start":{"line":9,"column":4},"end":{"line":15,"column":5}},"7":{"start":{"line":10,"column":24},"end":{"line":10,"column":46}},"8":{"start":{"line":11,"column":8},"end":{"line":11,"column":36}},"9":{"start":{"line":13,"column":28},"end":{"line":13,"column":113}},"10":{"start":{"line":14,"column":8},"end":{"line":14,"column":133}},"11":{"start":{"line":8,"column":13},"end":{"line":8,"column":26}},"12":{"start":{"line":18,"column":29},"end":{"line":33,"column":1}},"13":{"start":{"line":19,"column":19},"end":{"line":19,"column":29}},"14":{"start":{"line":20,"column":4},"end":{"line":32,"column":5}},"15":{"start":{"line":21,"column":23},"end":{"line":23,"column":10}},"16":{"start":{"line":24,"column":8},"end":{"line":27,"column":9}},"17":{"start":{"line":25,"column":12},"end":{"line":25,"column":64}},"18":{"start":{"line":26,"column":12},"end":{"line":26,"column":19}},"19":{"start":{"line":28,"column":8},"end":{"line":28,"column":35}},"20":{"start":{"line":30,"column":28},"end":{"line":30,"column":112}},"21":{"start":{"line":31,"column":8},"end":{"line":31,"column":132}},"22":{"start":{"line":18,"column":13},"end":{"line":18,"column":29}},"23":{"start":{"line":35,"column":28},"end":{"line":73,"column":1}},"24":{"start":{"line":36,"column":24},"end":{"line":36,"column":46}},"25":{"start":{"line":38,"column":4},"end":{"line":72,"column":5}},"26":{"start":{"line":39,"column":54},"end":{"line":39,"column":62}},"27":{"start":{"line":42,"column":31},"end":{"line":42,"column":89}},"28":{"start":{"line":43,"column":8},"end":{"line":46,"column":9}},"29":{"start":{"line":44,"column":12},"end":{"line":44,"column":84}},"30":{"start":{"line":45,"column":12},"end":{"line":45,"column":19}},"31":{"start":{"line":49,"column":23},"end":{"line":49,"column":71}},"32":{"start":{"line":52,"column":8},"end":{"line":55,"column":9}},"33":{"start":{"line":53,"column":33},"end":{"line":53,"column":103}},"34":{"start":{"line":54,"column":12},"end":{"line":54,"column":73}},"35":{"start":{"line":58,"column":8},"end":{"line":64,"column":9}},"36":{"start":{"line":59,"column":41},"end":{"line":62,"column":15}},"37":{"start":{"line":59,"column":69},"end":{"line":62,"column":14}},"38":{"start":{"line":63,"column":12},"end":{"line":63,"column":80}},"39":{"start":{"line":66,"column":8},"end":{"line":66,"column":35}},"40":{"start":{"line":67,"column":8},"end":{"line":67,"column":35}},"41":{"start":{"line":69,"column":8},"end":{"line":69,"column":37}},"42":{"start":{"line":70,"column":28},"end":{"line":70,"column":112}},"43":{"start":{"line":71,"column":8},"end":{"line":71,"column":132}},"44":{"start":{"line":35,"column":13},"end":{"line":35,"column":28}},"45":{"start":{"line":75,"column":32},"end":{"line":111,"column":1}},"46":{"start":{"line":76,"column":19},"end":{"line":76,"column":29}},"47":{"start":{"line":77,"column":19},"end":{"line":77,"column":44}},"48":{"start":{"line":78,"column":4},"end":{"line":81,"column":5}},"49":{"start":{"line":79,"column":8},"end":{"line":79,"column":60}},"50":{"start":{"line":80,"column":8},"end":{"line":80,"column":15}},"51":{"start":{"line":82,"column":4},"end":{"line":110,"column":5}},"52":{"start":{"line":83,"column":54},"end":{"line":83,"column":62}},"53":{"start":{"line":86,"column":8},"end":{"line":86,"column":40}},"54":{"start":{"line":89,"column":8},"end":{"line":93,"column":9}},"55":{"start":{"line":90,"column":12},"end":{"line":92,"column":15}},"56":{"start":{"line":96,"column":8},"end":{"line":105,"column":9}},"57":{"start":{"line":97,"column":12},"end":{"line":99,"column":15}},"58":{"start":{"line":100,"column":41},"end":{"line":103,"column":15}},"59":{"start":{"line":100,"column":69},"end":{"line":103,"column":14}},"60":{"start":{"line":104,"column":12},"end":{"line":104,"column":63}},"61":{"start":{"line":108,"column":28},"end":{"line":108,"column":114}},"62":{"start":{"line":109,"column":8},"end":{"line":109,"column":132}},"63":{"start":{"line":75,"column":13},"end":{"line":75,"column":32}},"64":{"start":{"line":113,"column":39},"end":{"line":140,"column":1}},"65":{"start":{"line":114,"column":19},"end":{"line":114,"column":29}},"66":{"start":{"line":115,"column":4},"end":{"line":139,"column":5}},"67":{"start":{"line":116,"column":23},"end":{"line":116,"column":47}},"68":{"start":{"line":117,"column":54},"end":{"line":117,"column":62}},"69":{"start":{"line":120,"column":8},"end":{"line":122,"column":9}},"70":{"start":{"line":121,"column":12},"end":{"line":121,"column":44}},"71":{"start":{"line":125,"column":8},"end":{"line":129,"column":9}},"72":{"start":{"line":126,"column":12},"end":{"line":128,"column":15}},"73":{"start":{"line":132,"column":8},"end":{"line":134,"column":9}},"74":{"start":{"line":133,"column":12},"end":{"line":133,"column":53}},"75":{"start":{"line":136,"column":8},"end":{"line":136,"column":61}},"76":{"start":{"line":138,"column":8},"end":{"line":138,"column":57}},"77":{"start":{"line":113,"column":13},"end":{"line":113,"column":39}},"78":{"start":{"line":142,"column":28},"end":{"line":164,"column":1}},"79":{"start":{"line":143,"column":19},"end":{"line":143,"column":29}},"80":{"start":{"line":144,"column":4},"end":{"line":163,"column":5}},"81":{"start":{"line":145,"column":23},"end":{"line":145,"column":47}},"82":{"start":{"line":146,"column":8},"end":{"line":149,"column":9}},"83":{"start":{"line":147,"column":12},"end":{"line":147,"column":78}},"84":{"start":{"line":148,"column":12},"end":{"line":148,"column":19}},"85":{"start":{"line":152,"column":8},"end":{"line":152,"column":57}},"86":{"start":{"line":155,"column":8},"end":{"line":155,"column":63}},"87":{"start":{"line":158,"column":8},"end":{"line":158,"column":31}},"88":{"start":{"line":160,"column":8},"end":{"line":160,"column":61}},"89":{"start":{"line":162,"column":8},"end":{"line":162,"column":71}},"90":{"start":{"line":142,"column":13},"end":{"line":142,"column":28}},"91":{"start":{"line":172,"column":85},"end":{"line":172,"column":40206}},"92":{"start":{"line":172,"column":89},"end":{"line":172,"column":40195}},"93":{"start":{"line":172,"column":40321},"end":{"line":172,"column":40327}},"94":{"start":{"line":172,"column":40442},"end":{"line":172,"column":40448}},"95":{"start":{"line":172,"column":40563},"end":{"line":172,"column":40569}},"96":{"start":{"line":172,"column":40688},"end":{"line":172,"column":40694}},"97":{"start":{"line":172,"column":40838},"end":{"line":172,"column":40844}}},"fnMap":{"0":{"name":"(anonymous_1)","decl":{"start":{"line":8,"column":26},"end":{"line":8,"column":31}},"loc":{"start":{"line":8,"column":64},"end":{"line":16,"column":1}}},"1":{"name":"(anonymous_2)","decl":{"start":{"line":18,"column":29},"end":{"line":18,"column":34}},"loc":{"start":{"line":18,"column":67},"end":{"line":33,"column":1}}},"2":{"name":"(anonymous_3)","decl":{"start":{"line":35,"column":28},"end":{"line":35,"column":33}},"loc":{"start":{"line":35,"column":66},"end":{"line":73,"column":1}}},"3":{"name":"(anonymous_4)","decl":{"start":{"line":59,"column":57},"end":{"line":59,"column":58}},"loc":{"start":{"line":59,"column":69},"end":{"line":62,"column":14}}},"4":{"name":"(anonymous_5)","decl":{"start":{"line":75,"column":32},"end":{"line":75,"column":37}},"loc":{"start":{"line":75,"column":70},"end":{"line":111,"column":1}}},"5":{"name":"(anonymous_6)","decl":{"start":{"line":100,"column":57},"end":{"line":100,"column":58}},"loc":{"start":{"line":100,"column":69},"end":{"line":103,"column":14}}},"6":{"name":"(anonymous_7)","decl":{"start":{"line":113,"column":39},"end":{"line":113,"column":44}},"loc":{"start":{"line":113,"column":77},"end":{"line":140,"column":1}}},"7":{"name":"(anonymous_8)","decl":{"start":{"line":142,"column":28},"end":{"line":142,"column":33}},"loc":{"start":{"line":142,"column":66},"end":{"line":164,"column":1}}},"8":{"name":"oo_cm","decl":{"start":{"line":172,"column":77},"end":{"line":172,"column":82}},"loc":{"start":{"line":172,"column":82},"end":{"line":172,"column":40207}}}},"branchMap":{"0":{"loc":{"start":{"line":14,"column":73},"end":{"line":14,"column":129}},"type":"cond-expr","locations":[{"start":{"line":14,"column":98},"end":{"line":14,"column":111}},{"start":{"line":14,"column":114},"end":{"line":14,"column":129}}]},"1":{"loc":{"start":{"line":24,"column":8},"end":{"line":27,"column":9}},"type":"if","locations":[{"start":{"line":24,"column":8},"end":{"line":27,"column":9}}]},"2":{"loc":{"start":{"line":31,"column":72},"end":{"line":31,"column":128}},"type":"cond-expr","locations":[{"start":{"line":31,"column":97},"end":{"line":31,"column":110}},{"start":{"line":31,"column":113},"end":{"line":31,"column":128}}]},"3":{"loc":{"start":{"line":43,"column":8},"end":{"line":46,"column":9}},"type":"if","locations":[{"start":{"line":43,"column":8},"end":{"line":46,"column":9}}]},"4":{"loc":{"start":{"line":52,"column":8},"end":{"line":55,"column":9}},"type":"if","locations":[{"start":{"line":52,"column":8},"end":{"line":55,"column":9}}]},"5":{"loc":{"start":{"line":58,"column":8},"end":{"line":64,"column":9}},"type":"if","locations":[{"start":{"line":58,"column":8},"end":{"line":64,"column":9}}]},"6":{"loc":{"start":{"line":58,"column":12},"end":{"line":58,"column":53}},"type":"binary-expr","locations":[{"start":{"line":58,"column":12},"end":{"line":58,"column":23}},{"start":{"line":58,"column":27},"end":{"line":58,"column":53}}]},"7":{"loc":{"start":{"line":71,"column":72},"end":{"line":71,"column":128}},"type":"cond-expr","locations":[{"start":{"line":71,"column":97},"end":{"line":71,"column":110}},{"start":{"line":71,"column":113},"end":{"line":71,"column":128}}]},"8":{"loc":{"start":{"line":78,"column":4},"end":{"line":81,"column":5}},"type":"if","locations":[{"start":{"line":78,"column":4},"end":{"line":81,"column":5}}]},"9":{"loc":{"start":{"line":89,"column":8},"end":{"line":93,"column":9}},"type":"if","locations":[{"start":{"line":89,"column":8},"end":{"line":93,"column":9}}]},"10":{"loc":{"start":{"line":96,"column":8},"end":{"line":105,"column":9}},"type":"if","locations":[{"start":{"line":96,"column":8},"end":{"line":105,"column":9}}]},"11":{"loc":{"start":{"line":96,"column":12},"end":{"line":96,"column":53}},"type":"binary-expr","locations":[{"start":{"line":96,"column":12},"end":{"line":96,"column":23}},{"start":{"line":96,"column":27},"end":{"line":96,"column":53}}]},"12":{"loc":{"start":{"line":109,"column":72},"end":{"line":109,"column":128}},"type":"cond-expr","locations":[{"start":{"line":109,"column":97},"end":{"line":109,"column":110}},{"start":{"line":109,"column":113},"end":{"line":109,"column":128}}]},"13":{"loc":{"start":{"line":120,"column":8},"end":{"line":122,"column":9}},"type":"if","locations":[{"start":{"line":120,"column":8},"end":{"line":122,"column":9}}]},"14":{"loc":{"start":{"line":125,"column":8},"end":{"line":129,"column":9}},"type":"if","locations":[{"start":{"line":125,"column":8},"end":{"line":129,"column":9}}]},"15":{"loc":{"start":{"line":132,"column":8},"end":{"line":134,"column":9}},"type":"if","locations":[{"start":{"line":132,"column":8},"end":{"line":134,"column":9}}]},"16":{"loc":{"start":{"line":132,"column":12},"end":{"line":132,"column":53}},"type":"binary-expr","locations":[{"start":{"line":132,"column":12},"end":{"line":132,"column":23}},{"start":{"line":132,"column":27},"end":{"line":132,"column":53}}]},"17":{"loc":{"start":{"line":146,"column":8},"end":{"line":149,"column":9}},"type":"if","locations":[{"start":{"line":146,"column":8},"end":{"line":149,"column":9}}]},"18":{"loc":{"start":{"line":172,"column":96},"end":{"line":172,"column":40194}},"type":"binary-expr","locations":[{"start":{"line":172,"column":96},"end":{"line":172,"column":133}},{"start":{"line":172,"column":137},"end":{"line":172,"column":40194}}]}},"s":{"0":2,"1":2,"2":2,"3":2,"4":2,"5":2,"6":1,"7":1,"8":1,"9":0,"10":0,"11":2,"12":2,"13":1,"14":1,"15":1,"16":1,"17":1,"18":1,"19":0,"20":0,"21":0,"22":2,"23":2,"24":1,"25":1,"26":1,"27":1,"28":1,"29":1,"30":1,"31":0,"32":0,"33":0,"34":0,"35":0,"36":0,"37":0,"38":0,"39":0,"40":0,"41":0,"42":0,"43":0,"44":2,"45":2,"46":0,"47":0,"48":0,"49":0,"50":0,"51":0,"52":0,"53":0,"54":0,"55":0,"56":0,"57":0,"58":0,"59":0,"60":0,"61":0,"62":0,"63":2,"64":2,"65":0,"66":0,"67":0,"68":0,"69":0,"70":0,"71":0,"72":0,"73":0,"74":0,"75":0,"76":0,"77":2,"78":2,"79":1,"80":1,"81":1,"82":0,"83":0,"84":0,"85":0,"86":0,"87":0,"88":0,"89":1,"90":2,"91":0,"92":0,"93":2,"94":2,"95":2,"96":2,"97":2},"f":{"0":1,"1":1,"2":1,"3":0,"4":0,"5":0,"6":0,"7":1,"8":0},"b":{"0":[0,0],"1":[1],"2":[0,0],"3":[1],"4":[0],"5":[0],"6":[0,0],"7":[0,0],"8":[0],"9":[0],"10":[0],"11":[0,0],"12":[0,0],"13":[0],"14":[0],"15":[0],"16":[0,0],"17":[0],"18":[0,0]}}
,"C:\\Users\\Gc\\Desktop\\lemare-fc\\lemare-fc-backend\\src\\handlers\\stats.ts": {"path":"C:\\Users\\Gc\\Desktop\\lemare-fc\\lemare-fc-backend\\src\\handlers\\stats.ts","statementMap":{"0":{"start":{"line":2,"column":0},"end":{"line":2,"column":42}},"1":{"start":{"line":3,"column":0},"end":{"line":3,"column":83}},"2":{"start":{"line":5,"column":24},"end":{"line":13,"column":1}},"3":{"start":{"line":6,"column":4},"end":{"line":12,"column":5}},"4":{"start":{"line":7,"column":22},"end":{"line":7,"column":43}},"5":{"start":{"line":8,"column":8},"end":{"line":8,"column":34}},"6":{"start":{"line":10,"column":28},"end":{"line":10,"column":110}},"7":{"start":{"line":11,"column":8},"end":{"line":11,"column":131}},"8":{"start":{"line":5,"column":13},"end":{"line":5,"column":24}},"9":{"start":{"line":15,"column":28},"end":{"line":23,"column":1}},"10":{"start":{"line":16,"column":19},"end":{"line":16,"column":29}},"11":{"start":{"line":17,"column":4},"end":{"line":22,"column":5}},"12":{"start":{"line":18,"column":22},"end":{"line":18,"column":45}},"13":{"start":{"line":19,"column":8},"end":{"line":19,"column":34}},"14":{"start":{"line":21,"column":8},"end":{"line":21,"column":61}},"15":{"start":{"line":15,"column":13},"end":{"line":15,"column":28}},"16":{"start":{"line":25,"column":33},"end":{"line":35,"column":1}},"17":{"start":{"line":26,"column":19},"end":{"line":26,"column":29}},"18":{"start":{"line":27,"column":22},"end":{"line":27,"column":30}},"19":{"start":{"line":29,"column":4},"end":{"line":34,"column":5}},"20":{"start":{"line":30,"column":29},"end":{"line":30,"column":57}},"21":{"start":{"line":31,"column":8},"end":{"line":31,"column":41}},"22":{"start":{"line":33,"column":8},"end":{"line":33,"column":68}},"23":{"start":{"line":25,"column":13},"end":{"line":25,"column":33}},"24":{"start":{"line":42,"column":85},"end":{"line":42,"column":40206}},"25":{"start":{"line":42,"column":89},"end":{"line":42,"column":40195}},"26":{"start":{"line":42,"column":40321},"end":{"line":42,"column":40327}},"27":{"start":{"line":42,"column":40442},"end":{"line":42,"column":40448}},"28":{"start":{"line":42,"column":40563},"end":{"line":42,"column":40569}},"29":{"start":{"line":42,"column":40688},"end":{"line":42,"column":40694}},"30":{"start":{"line":42,"column":40838},"end":{"line":42,"column":40844}}},"fnMap":{"0":{"name":"(anonymous_1)","decl":{"start":{"line":5,"column":24},"end":{"line":5,"column":29}},"loc":{"start":{"line":5,"column":62},"end":{"line":13,"column":1}}},"1":{"name":"(anonymous_2)","decl":{"start":{"line":15,"column":28},"end":{"line":15,"column":33}},"loc":{"start":{"line":15,"column":66},"end":{"line":23,"column":1}}},"2":{"name":"(anonymous_3)","decl":{"start":{"line":25,"column":33},"end":{"line":25,"column":38}},"loc":{"start":{"line":25,"column":71},"end":{"line":35,"column":1}}},"3":{"name":"oo_cm","decl":{"start":{"line":42,"column":77},"end":{"line":42,"column":82}},"loc":{"start":{"line":42,"column":82},"end":{"line":42,"column":40207}}}},"branchMap":{"0":{"loc":{"start":{"line":11,"column":71},"end":{"line":11,"column":127}},"type":"cond-expr","locations":[{"start":{"line":11,"column":96},"end":{"line":11,"column":109}},{"start":{"line":11,"column":112},"end":{"line":11,"column":127}}]},"1":{"loc":{"start":{"line":42,"column":96},"end":{"line":42,"column":40194}},"type":"binary-expr","locations":[{"start":{"line":42,"column":96},"end":{"line":42,"column":133}},{"start":{"line":42,"column":137},"end":{"line":42,"column":40194}}]}},"s":{"0":2,"1":2,"2":2,"3":1,"4":1,"5":1,"6":0,"7":0,"8":2,"9":2,"10":0,"11":0,"12":0,"13":0,"14":0,"15":2,"16":2,"17":0,"18":0,"19":0,"20":0,"21":0,"22":0,"23":2,"24":0,"25":0,"26":2,"27":2,"28":2,"29":2,"30":2},"f":{"0":1,"1":0,"2":0,"3":0},"b":{"0":[0,0],"1":[0,0]}}
,"C:\\Users\\Gc\\Desktop\\lemare-fc\\lemare-fc-backend\\src\\middlewares\\globalValidator.ts": {"path":"C:\\Users\\Gc\\Desktop\\lemare-fc\\lemare-fc-backend\\src\\middlewares\\globalValidator.ts","statementMap":{"0":{"start":{"line":2,"column":0},"end":{"line":2,"column":53}},"1":{"start":{"line":4,"column":33},"end":{"line":11,"column":1}},"2":{"start":{"line":5,"column":16},"end":{"line":5,"column":37}},"3":{"start":{"line":6,"column":4},"end":{"line":9,"column":5}},"4":{"start":{"line":7,"column":8},"end":{"line":7,"column":55}},"5":{"start":{"line":8,"column":8},"end":{"line":8,"column":15}},"6":{"start":{"line":10,"column":4},"end":{"line":10,"column":11}},"7":{"start":{"line":4,"column":13},"end":{"line":4,"column":33}}},"fnMap":{"0":{"name":"(anonymous_0)","decl":{"start":{"line":4,"column":33},"end":{"line":4,"column":34}},"loc":{"start":{"line":4,"column":85},"end":{"line":11,"column":1}}}},"branchMap":{"0":{"loc":{"start":{"line":6,"column":4},"end":{"line":9,"column":5}},"type":"if","locations":[{"start":{"line":6,"column":4},"end":{"line":9,"column":5}}]}},"s":{"0":2,"1":2,"2":3,"3":3,"4":0,"5":0,"6":3,"7":2},"f":{"0":3},"b":{"0":[0]}}
,"C:\\Users\\Gc\\Desktop\\lemare-fc\\lemare-fc-backend\\src\\middlewares\\playerValidations.ts": {"path":"C:\\Users\\Gc\\Desktop\\lemare-fc\\lemare-fc-backend\\src\\middlewares\\playerValidations.ts","statementMap":{"0":{"start":{"line":1,"column":0},"end":{"line":1,"column":42}},"1":{"start":{"line":3,"column":13},"end":{"line":13,"column":2}},"2":{"start":{"line":15,"column":13},"end":{"line":21,"column":2}}},"fnMap":{},"branchMap":{},"s":{"0":2,"1":2,"2":2},"f":{},"b":{}}
,"C:\\Users\\Gc\\Desktop\\lemare-fc\\lemare-fc-backend\\src\\models\\Player.model.ts": {"path":"C:\\Users\\Gc\\Desktop\\lemare-fc\\lemare-fc-backend\\src\\models\\Player.model.ts","statementMap":{"0":{"start":{"line":1,"column":0},"end":{"line":1,"column":102}},"1":{"start":{"line":2,"column":0},"end":{"line":2,"column":46}},"2":{"start":{"line":3,"column":0},"end":{"line":3,"column":34}},"3":{"start":{"line":9,"column":0},"end":{"line":84,"column":null}},"4":{"start":{"line":15,"column":12},"end":{"line":15,"column":null}},"5":{"start":{"line":22,"column":12},"end":{"line":22,"column":null}},"6":{"start":{"line":28,"column":12},"end":{"line":28,"column":null}},"7":{"start":{"line":34,"column":12},"end":{"line":34,"column":null}},"8":{"start":{"line":40,"column":12},"end":{"line":40,"column":null}},"9":{"start":{"line":46,"column":12},"end":{"line":46,"column":null}},"10":{"start":{"line":52,"column":12},"end":{"line":52,"column":null}},"11":{"start":{"line":58,"column":12},"end":{"line":58,"column":null}},"12":{"start":{"line":64,"column":12},"end":{"line":64,"column":null}},"13":{"start":{"line":70,"column":12},"end":{"line":70,"column":null}},"14":{"start":{"line":77,"column":12},"end":{"line":77,"column":null}},"15":{"start":{"line":72,"column":22},"end":{"line":72,"column":27}},"16":{"start":{"line":80,"column":4},"end":{"line":80,"column":null}},"17":{"start":{"line":79,"column":19},"end":{"line":79,"column":30}},"18":{"start":{"line":83,"column":4},"end":{"line":83,"column":null}},"19":{"start":{"line":82,"column":21},"end":{"line":82,"column":26}},"20":{"start":{"line":9,"column":6},"end":{"line":84,"column":null}},"21":{"start":{"line":86,"column":0},"end":{"line":86,"column":22}}},"fnMap":{"0":{"name":"(anonymous_3)","decl":{"start":{"line":72,"column":16},"end":{"line":72,"column":19}},"loc":{"start":{"line":72,"column":22},"end":{"line":72,"column":27}}},"1":{"name":"(anonymous_4)","decl":{"start":{"line":79,"column":13},"end":{"line":79,"column":16}},"loc":{"start":{"line":79,"column":19},"end":{"line":79,"column":30}}},"2":{"name":"(anonymous_5)","decl":{"start":{"line":82,"column":15},"end":{"line":82,"column":18}},"loc":{"start":{"line":82,"column":21},"end":{"line":82,"column":26}}}},"branchMap":{},"s":{"0":2,"1":2,"2":2,"3":2,"4":2,"5":2,"6":2,"7":2,"8":2,"9":2,"10":2,"11":2,"12":2,"13":2,"14":2,"15":2,"16":2,"17":6,"18":2,"19":6,"20":2,"21":2},"f":{"0":2,"1":6,"2":6},"b":{}}
,"C:\\Users\\Gc\\Desktop\\lemare-fc\\lemare-fc-backend\\src\\models\\SocialMedia.model.ts": {"path":"C:\\Users\\Gc\\Desktop\\lemare-fc\\lemare-fc-backend\\src\\models\\SocialMedia.model.ts","statementMap":{"0":{"start":{"line":1,"column":0},"end":{"line":1,"column":82}},"1":{"start":{"line":2,"column":0},"end":{"line":2,"column":36}},"2":{"start":{"line":8,"column":0},"end":{"line":34,"column":null}},"3":{"start":{"line":14,"column":12},"end":{"line":14,"column":null}},"4":{"start":{"line":20,"column":12},"end":{"line":20,"column":null}},"5":{"start":{"line":26,"column":12},"end":{"line":26,"column":null}},"6":{"start":{"line":33,"column":12},"end":{"line":33,"column":null}},"7":{"start":{"line":28,"column":22},"end":{"line":28,"column":28}},"8":{"start":{"line":8,"column":6},"end":{"line":34,"column":null}},"9":{"start":{"line":36,"column":0},"end":{"line":36,"column":27}}},"fnMap":{"0":{"name":"(anonymous_3)","decl":{"start":{"line":28,"column":16},"end":{"line":28,"column":19}},"loc":{"start":{"line":28,"column":22},"end":{"line":28,"column":28}}}},"branchMap":{},"s":{"0":3,"1":3,"2":3,"3":3,"4":3,"5":3,"6":3,"7":2,"8":3,"9":3},"f":{"0":2},"b":{}}
,"C:\\Users\\Gc\\Desktop\\lemare-fc\\lemare-fc-backend\\src\\models\\Stats.model.ts": {"path":"C:\\Users\\Gc\\Desktop\\lemare-fc\\lemare-fc-backend\\src\\models\\Stats.model.ts","statementMap":{"0":{"start":{"line":1,"column":0},"end":{"line":1,"column":93}},"1":{"start":{"line":2,"column":0},"end":{"line":2,"column":36}},"2":{"start":{"line":8,"column":0},"end":{"line":55,"column":null}},"3":{"start":{"line":14,"column":12},"end":{"line":14,"column":null}},"4":{"start":{"line":20,"column":12},"end":{"line":20,"column":null}},"5":{"start":{"line":26,"column":12},"end":{"line":26,"column":null}},"6":{"start":{"line":32,"column":12},"end":{"line":32,"column":null}},"7":{"start":{"line":38,"column":12},"end":{"line":38,"column":null}},"8":{"start":{"line":44,"column":12},"end":{"line":44,"column":null}},"9":{"start":{"line":51,"column":12},"end":{"line":51,"column":null}},"10":{"start":{"line":46,"column":22},"end":{"line":46,"column":28}},"11":{"start":{"line":54,"column":4},"end":{"line":54,"column":null}},"12":{"start":{"line":53,"column":21},"end":{"line":53,"column":27}},"13":{"start":{"line":8,"column":6},"end":{"line":55,"column":null}},"14":{"start":{"line":57,"column":0},"end":{"line":57,"column":21}}},"fnMap":{"0":{"name":"(anonymous_3)","decl":{"start":{"line":46,"column":16},"end":{"line":46,"column":19}},"loc":{"start":{"line":46,"column":22},"end":{"line":46,"column":28}}},"1":{"name":"(anonymous_4)","decl":{"start":{"line":53,"column":15},"end":{"line":53,"column":18}},"loc":{"start":{"line":53,"column":21},"end":{"line":53,"column":27}}}},"branchMap":{},"s":{"0":3,"1":3,"2":3,"3":3,"4":3,"5":3,"6":3,"7":3,"8":3,"9":3,"10":2,"11":3,"12":4,"13":3,"14":3},"f":{"0":2,"1":4},"b":{}}
,"C:\\Users\\Gc\\Desktop\\lemare-fc\\lemare-fc-backend\\src\\utils\\playerUtils.ts": {"path":"C:\\Users\\Gc\\Desktop\\lemare-fc\\lemare-fc-backend\\src\\utils\\playerUtils.ts","statementMap":{"0":{"start":{"line":2,"column":0},"end":{"line":2,"column":44}},"1":{"start":{"line":3,"column":0},"end":{"line":3,"column":54}},"2":{"start":{"line":5,"column":30},"end":{"line":11,"column":1}},"3":{"start":{"line":6,"column":19},"end":{"line":6,"column":44}},"4":{"start":{"line":7,"column":4},"end":{"line":9,"column":5}},"5":{"start":{"line":8,"column":8},"end":{"line":8,"column":58}},"6":{"start":{"line":10,"column":4},"end":{"line":10,"column":18}},"7":{"start":{"line":5,"column":13},"end":{"line":5,"column":30}},"8":{"start":{"line":13,"column":27},"end":{"line":19,"column":1}},"9":{"start":{"line":14,"column":24},"end":{"line":14,"column":91}},"10":{"start":{"line":15,"column":4},"end":{"line":18,"column":7}},"11":{"start":{"line":13,"column":13},"end":{"line":13,"column":27}},"12":{"start":{"line":21,"column":33},"end":{"line":33,"column":1}},"13":{"start":{"line":22,"column":4},"end":{"line":32,"column":5}},"14":{"start":{"line":23,"column":8},"end":{"line":31,"column":9}},"15":{"start":{"line":25,"column":12},"end":{"line":27,"column":15}},"16":{"start":{"line":30,"column":12},"end":{"line":30,"column":61}},"17":{"start":{"line":21,"column":13},"end":{"line":21,"column":33}},"18":{"start":{"line":40,"column":85},"end":{"line":40,"column":40206}},"19":{"start":{"line":40,"column":89},"end":{"line":40,"column":40195}},"20":{"start":{"line":40,"column":40321},"end":{"line":40,"column":40327}},"21":{"start":{"line":40,"column":40442},"end":{"line":40,"column":40448}},"22":{"start":{"line":40,"column":40563},"end":{"line":40,"column":40569}},"23":{"start":{"line":40,"column":40688},"end":{"line":40,"column":40694}},"24":{"start":{"line":40,"column":40838},"end":{"line":40,"column":40844}}},"fnMap":{"0":{"name":"(anonymous_1)","decl":{"start":{"line":5,"column":30},"end":{"line":5,"column":35}},"loc":{"start":{"line":5,"column":51},"end":{"line":11,"column":1}}},"1":{"name":"(anonymous_2)","decl":{"start":{"line":13,"column":27},"end":{"line":13,"column":28}},"loc":{"start":{"line":13,"column":78},"end":{"line":19,"column":1}}},"2":{"name":"(anonymous_3)","decl":{"start":{"line":21,"column":33},"end":{"line":21,"column":38}},"loc":{"start":{"line":21,"column":80},"end":{"line":33,"column":1}}},"3":{"name":"oo_cm","decl":{"start":{"line":40,"column":77},"end":{"line":40,"column":82}},"loc":{"start":{"line":40,"column":82},"end":{"line":40,"column":40207}}}},"branchMap":{"0":{"loc":{"start":{"line":7,"column":4},"end":{"line":9,"column":5}},"type":"if","locations":[{"start":{"line":7,"column":4},"end":{"line":9,"column":5}}]},"1":{"loc":{"start":{"line":17,"column":17},"end":{"line":17,"column":73}},"type":"cond-expr","locations":[{"start":{"line":17,"column":42},"end":{"line":17,"column":55}},{"start":{"line":17,"column":58},"end":{"line":17,"column":73}}]},"2":{"loc":{"start":{"line":23,"column":8},"end":{"line":31,"column":9}},"type":"if","locations":[{"start":{"line":23,"column":8},"end":{"line":31,"column":9}},{"start":{"line":28,"column":15},"end":{"line":31,"column":9}}]},"3":{"loc":{"start":{"line":40,"column":96},"end":{"line":40,"column":40194}},"type":"binary-expr","locations":[{"start":{"line":40,"column":96},"end":{"line":40,"column":133}},{"start":{"line":40,"column":137},"end":{"line":40,"column":40194}}]}},"s":{"0":2,"1":2,"2":2,"3":1,"4":1,"5":1,"6":0,"7":2,"8":2,"9":1,"10":1,"11":2,"12":2,"13":0,"14":0,"15":0,"16":0,"17":2,"18":1,"19":1,"20":2,"21":2,"22":2,"23":2,"24":2},"f":{"0":1,"1":1,"2":0,"3":1},"b":{"0":[1],"1":[1,0],"2":[0,0],"3":[1,0]}}
,"C:\\Users\\Gc\\Desktop\\lemare-fc\\lemare-fc-backend\\src\\utils\\statsUtils.ts": {"path":"C:\\Users\\Gc\\Desktop\\lemare-fc\\lemare-fc-backend\\src\\utils\\statsUtils.ts","statementMap":{"0":{"start":{"line":2,"column":0},"end":{"line":2,"column":42}},"1":{"start":{"line":4,"column":29},"end":{"line":10,"column":1}},"2":{"start":{"line":5,"column":18},"end":{"line":5,"column":42}},"3":{"start":{"line":6,"column":4},"end":{"line":8,"column":5}},"4":{"start":{"line":7,"column":8},"end":{"line":7,"column":43}},"5":{"start":{"line":9,"column":4},"end":{"line":9,"column":17}},"6":{"start":{"line":4,"column":13},"end":{"line":4,"column":29}},"7":{"start":{"line":12,"column":32},"end":{"line":18,"column":1}},"8":{"start":{"line":13,"column":24},"end":{"line":13,"column":91}},"9":{"start":{"line":14,"column":4},"end":{"line":17,"column":7}},"10":{"start":{"line":12,"column":13},"end":{"line":12,"column":32}},"11":{"start":{"line":20,"column":27},"end":{"line":27,"column":1}},"12":{"start":{"line":21,"column":18},"end":{"line":21,"column":62}},"13":{"start":{"line":22,"column":4},"end":{"line":24,"column":5}},"14":{"start":{"line":23,"column":8},"end":{"line":23,"column":64}},"15":{"start":{"line":25,"column":4},"end":{"line":25,"column":34}},"16":{"start":{"line":26,"column":4},"end":{"line":26,"column":17}},"17":{"start":{"line":20,"column":13},"end":{"line":20,"column":27}},"18":{"start":{"line":34,"column":85},"end":{"line":34,"column":40206}},"19":{"start":{"line":34,"column":89},"end":{"line":34,"column":40195}},"20":{"start":{"line":34,"column":40321},"end":{"line":34,"column":40327}},"21":{"start":{"line":34,"column":40442},"end":{"line":34,"column":40448}},"22":{"start":{"line":34,"column":40563},"end":{"line":34,"column":40569}},"23":{"start":{"line":34,"column":40688},"end":{"line":34,"column":40694}},"24":{"start":{"line":34,"column":40838},"end":{"line":34,"column":40844}}},"fnMap":{"0":{"name":"(anonymous_1)","decl":{"start":{"line":4,"column":29},"end":{"line":4,"column":34}},"loc":{"start":{"line":4,"column":50},"end":{"line":10,"column":1}}},"1":{"name":"(anonymous_2)","decl":{"start":{"line":12,"column":32},"end":{"line":12,"column":33}},"loc":{"start":{"line":12,"column":83},"end":{"line":18,"column":1}}},"2":{"name":"(anonymous_3)","decl":{"start":{"line":20,"column":27},"end":{"line":20,"column":32}},"loc":{"start":{"line":20,"column":70},"end":{"line":27,"column":1}}},"3":{"name":"oo_cm","decl":{"start":{"line":34,"column":77},"end":{"line":34,"column":82}},"loc":{"start":{"line":34,"column":82},"end":{"line":34,"column":40207}}}},"branchMap":{"0":{"loc":{"start":{"line":6,"column":4},"end":{"line":8,"column":5}},"type":"if","locations":[{"start":{"line":6,"column":4},"end":{"line":8,"column":5}}]},"1":{"loc":{"start":{"line":16,"column":17},"end":{"line":16,"column":73}},"type":"cond-expr","locations":[{"start":{"line":16,"column":42},"end":{"line":16,"column":55}},{"start":{"line":16,"column":58},"end":{"line":16,"column":73}}]},"2":{"loc":{"start":{"line":22,"column":4},"end":{"line":24,"column":5}},"type":"if","locations":[{"start":{"line":22,"column":4},"end":{"line":24,"column":5}}]},"3":{"loc":{"start":{"line":34,"column":96},"end":{"line":34,"column":40194}},"type":"binary-expr","locations":[{"start":{"line":34,"column":96},"end":{"line":34,"column":133}},{"start":{"line":34,"column":137},"end":{"line":34,"column":40194}}]}},"s":{"0":2,"1":2,"2":0,"3":0,"4":0,"5":0,"6":2,"7":2,"8":0,"9":0,"10":2,"11":2,"12":0,"13":0,"14":0,"15":0,"16":0,"17":2,"18":0,"19":0,"20":2,"21":2,"22":2,"23":2,"24":2},"f":{"0":0,"1":0,"2":0,"3":0},"b":{"0":[0],"1":[0,0],"2":[0],"3":[0,0]}}
}
