TN:
SF:src\router.ts
FNF:0
FNH:0
DA:1,2
DA:2,2
DA:3,2
DA:4,2
DA:5,2
DA:6,2
DA:7,2
DA:9,2
DA:11,2
DA:13,2
DA:19,2
DA:25,2
DA:32,2
DA:38,2
DA:44,2
DA:46,2
DA:52,2
DA:59,2
LF:18
LH:18
BRF:0
BRH:0
end_of_record
TN:
SF:src\server.ts
FN:5,connectDB
FN:30,oo_cm
FNF:2
FNH:2
FNDA:2,connectDB
FNDA:2,oo_cm
DA:1,2
DA:2,2
DA:3,2
DA:6,2
DA:7,2
DA:8,2
DA:9,2
DA:11,0
DA:15,2
DA:17,2
DA:19,2
DA:21,2
DA:23,2
DA:30,2
LF:14
LH:13
BRDA:30,0,0,2
BRDA:30,0,1,1
BRF:2
BRH:2
end_of_record
TN:
SF:src\config\db.ts
FN:17,(anonymous_1)
FN:18,(anonymous_2)
FN:27,oo_cm
FNF:3
FNH:2
FNDA:1,(anonymous_1)
FNDA:0,(anonymous_2)
FNDA:1,oo_cm
DA:1,1
DA:2,1
DA:3,1
DA:4,1
DA:5,1
DA:7,1
DA:9,1
DA:14,1
DA:16,1
DA:17,1
DA:18,0
DA:20,1
DA:27,1
LF:13
LH:12
BRDA:27,0,0,1
BRDA:27,0,1,1
BRF:2
BRH:2
end_of_record
TN:
SF:src\handlers\player.ts
FN:8,(anonymous_1)
FN:18,(anonymous_2)
FN:35,(anonymous_3)
FN:59,(anonymous_4)
FN:75,(anonymous_5)
FN:100,(anonymous_6)
FN:113,(anonymous_7)
FN:142,(anonymous_8)
FN:172,oo_cm
FNF:9
FNH:4
FNDA:1,(anonymous_1)
FNDA:1,(anonymous_2)
FNDA:1,(anonymous_3)
FNDA:0,(anonymous_4)
FNDA:0,(anonymous_5)
FNDA:0,(anonymous_6)
FNDA:0,(anonymous_7)
FNDA:1,(anonymous_8)
FNDA:0,oo_cm
DA:2,2
DA:3,2
DA:4,2
DA:5,2
DA:6,2
DA:8,2
DA:9,1
DA:10,1
DA:11,1
DA:13,0
DA:14,0
DA:18,2
DA:19,1
DA:20,1
DA:21,1
DA:24,1
DA:25,1
DA:26,1
DA:28,0
DA:30,0
DA:31,0
DA:35,2
DA:36,1
DA:38,1
DA:39,1
DA:42,1
DA:43,1
DA:44,1
DA:45,1
DA:49,0
DA:52,0
DA:53,0
DA:54,0
DA:58,0
DA:59,0
DA:63,0
DA:66,0
DA:67,0
DA:69,0
DA:70,0
DA:71,0
DA:75,2
DA:76,0
DA:77,0
DA:78,0
DA:79,0
DA:80,0
DA:82,0
DA:83,0
DA:86,0
DA:89,0
DA:90,0
DA:96,0
DA:97,0
DA:100,0
DA:104,0
DA:108,0
DA:109,0
DA:113,2
DA:114,0
DA:115,0
DA:116,0
DA:117,0
DA:120,0
DA:121,0
DA:125,0
DA:126,0
DA:132,0
DA:133,0
DA:136,0
DA:138,0
DA:142,2
DA:143,1
DA:144,1
DA:145,1
DA:146,0
DA:147,0
DA:148,0
DA:152,0
DA:155,0
DA:158,0
DA:160,0
DA:162,1
DA:172,2
LF:84
LH:32
BRDA:14,0,0,0
BRDA:14,0,1,0
BRDA:24,1,0,1
BRDA:31,2,0,0
BRDA:31,2,1,0
BRDA:43,3,0,1
BRDA:52,4,0,0
BRDA:58,5,0,0
BRDA:58,6,0,0
BRDA:58,6,1,0
BRDA:71,7,0,0
BRDA:71,7,1,0
BRDA:78,8,0,0
BRDA:89,9,0,0
BRDA:96,10,0,0
BRDA:96,11,0,0
BRDA:96,11,1,0
BRDA:109,12,0,0
BRDA:109,12,1,0
BRDA:120,13,0,0
BRDA:125,14,0,0
BRDA:132,15,0,0
BRDA:132,16,0,0
BRDA:132,16,1,0
BRDA:146,17,0,0
BRDA:172,18,0,0
BRDA:172,18,1,0
BRF:27
BRH:2
end_of_record
TN:
SF:src\handlers\stats.ts
FN:5,(anonymous_1)
FN:15,(anonymous_2)
FN:25,(anonymous_3)
FN:42,oo_cm
FNF:4
FNH:1
FNDA:1,(anonymous_1)
FNDA:0,(anonymous_2)
FNDA:0,(anonymous_3)
FNDA:0,oo_cm
DA:2,2
DA:3,2
DA:5,2
DA:6,1
DA:7,1
DA:8,1
DA:10,0
DA:11,0
DA:15,2
DA:16,0
DA:17,0
DA:18,0
DA:19,0
DA:21,0
DA:25,2
DA:26,0
DA:27,0
DA:29,0
DA:30,0
DA:31,0
DA:33,0
DA:42,2
LF:22
LH:9
BRDA:11,0,0,0
BRDA:11,0,1,0
BRDA:42,1,0,0
BRDA:42,1,1,0
BRF:4
BRH:0
end_of_record
TN:
SF:src\middlewares\globalValidator.ts
FN:4,(anonymous_0)
FNF:1
FNH:1
FNDA:3,(anonymous_0)
DA:2,2
DA:4,2
DA:5,3
DA:6,3
DA:7,0
DA:8,0
DA:10,3
LF:7
LH:5
BRDA:6,0,0,0
BRF:1
BRH:0
end_of_record
TN:
SF:src\middlewares\playerValidations.ts
FNF:0
FNH:0
DA:1,2
DA:3,2
DA:15,2
LF:3
LH:3
BRF:0
BRH:0
end_of_record
TN:
SF:src\models\Player.model.ts
FN:72,(anonymous_3)
FN:79,(anonymous_4)
FN:82,(anonymous_5)
FNF:3
FNH:3
FNDA:2,(anonymous_3)
FNDA:6,(anonymous_4)
FNDA:6,(anonymous_5)
DA:1,2
DA:2,2
DA:3,2
DA:9,2
DA:15,2
DA:22,2
DA:28,2
DA:34,2
DA:40,2
DA:46,2
DA:52,2
DA:58,2
DA:64,2
DA:70,2
DA:72,2
DA:77,2
DA:79,6
DA:80,2
DA:82,6
DA:83,2
DA:86,2
LF:21
LH:21
BRF:0
BRH:0
end_of_record
TN:
SF:src\models\SocialMedia.model.ts
FN:28,(anonymous_3)
FNF:1
FNH:1
FNDA:2,(anonymous_3)
DA:1,3
DA:2,3
DA:8,3
DA:14,3
DA:20,3
DA:26,3
DA:28,2
DA:33,3
DA:36,3
LF:9
LH:9
BRF:0
BRH:0
end_of_record
TN:
SF:src\models\Stats.model.ts
FN:46,(anonymous_3)
FN:53,(anonymous_4)
FNF:2
FNH:2
FNDA:2,(anonymous_3)
FNDA:4,(anonymous_4)
DA:1,3
DA:2,3
DA:8,3
DA:14,3
DA:20,3
DA:26,3
DA:32,3
DA:38,3
DA:44,3
DA:46,2
DA:51,3
DA:53,4
DA:54,3
DA:57,3
LF:14
LH:14
BRF:0
BRH:0
end_of_record
TN:
SF:src\utils\playerUtils.ts
FN:5,(anonymous_1)
FN:13,(anonymous_2)
FN:21,(anonymous_3)
FN:40,oo_cm
FNF:4
FNH:3
FNDA:1,(anonymous_1)
FNDA:1,(anonymous_2)
FNDA:0,(anonymous_3)
FNDA:1,oo_cm
DA:2,2
DA:3,2
DA:5,2
DA:6,1
DA:7,1
DA:8,1
DA:10,0
DA:13,2
DA:14,1
DA:15,1
DA:21,2
DA:22,0
DA:23,0
DA:25,0
DA:30,0
DA:40,2
LF:16
LH:11
BRDA:7,0,0,1
BRDA:17,1,0,1
BRDA:17,1,1,0
BRDA:23,2,0,0
BRDA:23,2,1,0
BRDA:40,3,0,1
BRDA:40,3,1,0
BRF:7
BRH:3
end_of_record
TN:
SF:src\utils\statsUtils.ts
FN:4,(anonymous_1)
FN:12,(anonymous_2)
FN:20,(anonymous_3)
FN:34,oo_cm
FNF:4
FNH:0
FNDA:0,(anonymous_1)
FNDA:0,(anonymous_2)
FNDA:0,(anonymous_3)
FNDA:0,oo_cm
DA:2,2
DA:4,2
DA:5,0
DA:6,0
DA:7,0
DA:9,0
DA:12,2
DA:13,0
DA:14,0
DA:20,2
DA:21,0
DA:22,0
DA:23,0
DA:25,0
DA:26,0
DA:34,2
LF:16
LH:5
BRDA:6,0,0,0
BRDA:16,1,0,0
BRDA:16,1,1,0
BRDA:22,2,0,0
BRDA:34,3,0,0
BRDA:34,3,1,0
BRF:6
BRH:0
end_of_record
